<?xml version="1.0" encoding="UTF-8"?>
<testng-results skipped="0" failed="0" ignored="0" total="1" passed="1">
  <reporter-output>
  </reporter-output>
  <suite name="Default suite" duration-ms="5245" started-at="2021-01-16T06:42:16Z" finished-at="2021-01-16T06:42:21Z">
    <groups>
    </groups>
    <test name="Default test" duration-ms="5245" started-at="2021-01-16T06:42:16Z" finished-at="2021-01-16T06:42:21Z">
      <class name="com.apt.testScripts.CheckAllCountriesTest">
        <test-method status="PASS" signature="configBeforeSuite()[pri:0, instance:com.apt.testScripts.CheckAllCountriesTest@29774679]" name="configBeforeSuite" is-config="true" duration-ms="1108" started-at="2021-01-16T06:42:15Z" finished-at="2021-01-16T06:42:16Z">
          <reporter-output>
          </reporter-output>
        </test-method> <!-- configBeforeSuite -->
        <test-method status="PASS" signature="checkCountriesWithBaseURI()[pri:0, instance:com.apt.testScripts.CheckAllCountriesTest@29774679]" name="checkCountriesWithBaseURI" duration-ms="5191" started-at="2021-01-16T06:42:16Z" finished-at="2021-01-16T06:42:21Z">
          <reporter-output>
          </reporter-output>
        </test-method> <!-- checkCountriesWithBaseURI -->
      </class> <!-- com.apt.testScripts.CheckAllCountriesTest -->
    </test> <!-- Default test -->
  </suite> <!-- Default suite -->
</testng-results>
